SF:lib/src/api/authentication.dart
DA:8,2
DA:10,2
DA:15,2
DA:20,2
DA:22,2
DA:24,2
DA:27,2
DA:34,1
DA:35,2
DA:38,1
DA:39,2
DA:42,1
DA:43,2
DA:48,1
DA:49,2
DA:52,1
DA:53,2
DA:56,1
DA:57,2
LF:19
LH:19
end_of_record
SF:lib/src/api/platform.dart
DA:10,2
DA:12,2
DA:16,2
DA:17,4
DA:18,2
DA:20,2
DA:23,1
DA:29,3
DA:32,1
DA:33,2
DA:36,1
DA:37,2
DA:40,1
DA:46,4
DA:49,1
DA:50,3
DA:53,1
DA:54,2
LF:18
LH:18
end_of_record
SF:lib/src/api/search_history.dart
DA:12,2
DA:14,2
DA:18,4
DA:20,2
DA:21,2
DA:23,2
DA:26,1
DA:32,3
DA:35,1
DA:36,1
DA:37,5
DA:38,3
DA:41,1
DA:42,1
DA:44,3
DA:46,5
DA:47,4
LF:17
LH:17
end_of_record
SF:lib/src/api/opened_entities.dart
DA:6,2
DA:8,2
DA:12,2
DA:13,2
DA:14,2
DA:17,1
DA:18,4
DA:21,1
DA:22,3
DA:23,2
LF:10
LH:10
end_of_record
SF:lib/src/api/preferences.dart
DA:7,2
DA:11,2
DA:15,2
DA:16,2
DA:17,2
DA:20,1
DA:21,2
DA:24,1
DA:25,2
LF:9
LH:9
end_of_record
SF:lib/src/api/recent_activities.dart
DA:5,2
DA:10,2
DA:14,2
DA:15,2
DA:16,2
DA:19,1
DA:20,2
DA:21,1
DA:24,1
DA:25,3
DA:28,1
DA:29,2
DA:30,1
DA:33,1
DA:34,3
LF:15
LH:15
end_of_record
SF:lib/src/api/user_with_policies.dart
DA:9,2
DA:11,2
DA:16,4
DA:18,2
DA:23,2
DA:24,2
DA:26,2
DA:29,2
DA:36,1
DA:37,2
DA:40,1
DA:41,2
DA:44,1
DA:45,2
LF:14
LH:14
end_of_record
SF:lib/src/api/downloaded_articles.dart
DA:15,2
DA:17,2
DA:22,4
DA:24,2
DA:25,2
DA:27,2
DA:33,3
DA:35,1
DA:36,3
DA:39,1
DA:40,3
DA:43,1
DA:44,2
DA:47,3
DA:51,1
DA:52,1
DA:53,2
DA:56,1
DA:60,1
DA:62,3
DA:63,3
DA:65,1
DA:68,1
DA:69,1
DA:71,3
DA:72,1
DA:77,1
DA:79,1
DA:81,3
DA:82,1
LF:30
LH:30
end_of_record
SF:lib/src/api/map_search_history.dart
DA:11,2
DA:13,2
DA:17,4
DA:19,2
DA:20,2
DA:22,2
DA:25,1
DA:31,3
DA:34,1
DA:35,1
DA:36,5
DA:37,3
DA:40,1
DA:41,4
DA:42,4
LF:15
LH:15
end_of_record
SF:lib/src/local_repo.dart
DA:14,1
DA:37,1
DA:42,1
DA:48,1
DA:53,1
DA:58,1
DA:63,1
DA:68,1
DA:73,1
DA:79,1
DA:84,1
DA:89,1
LF:12
LH:12
end_of_record
SF:lib/src/model/platform.g.dart
DA:13,0
DA:15,0
DA:16,0
DA:17,0
DA:19,0
DA:20,0
DA:21,0
DA:25,0
DA:28,0
DA:29,0
DA:30,0
DA:31,0
DA:32,0
DA:35,0
DA:36,0
DA:38,0
DA:41,0
DA:42,0
DA:43,0
DA:50,2
DA:51,1
DA:52,1
DA:55,0
DA:56,0
DA:57,0
DA:58,0
LF:26
LH:3
end_of_record
SF:lib/src/model/platform.dart
DA:15,1
DA:16,1
LF:2
LH:2
end_of_record
SF:lib/src/model/search.dart
DA:15,1
DA:16,1
LF:2
LH:2
end_of_record
SF:lib/src/model/search.g.dart
DA:13,0
DA:15,0
DA:16,0
DA:17,0
DA:19,0
DA:20,0
DA:21,0
DA:25,0
DA:28,0
DA:29,0
DA:30,0
DA:31,0
DA:32,0
DA:35,0
DA:36,0
DA:38,0
DA:41,0
DA:42,0
DA:43,0
DA:50,1
DA:51,1
DA:52,1
DA:53,1
DA:56,0
DA:57,0
DA:58,0
DA:59,0
LF:27
LH:4
end_of_record
SF:lib/src/model/user_with_policies.dart
DA:18,1
DA:19,1
LF:2
LH:2
end_of_record
SF:lib/src/model/user_with_policies.g.dart
DA:13,0
DA:15,0
DA:16,0
DA:17,0
DA:19,0
DA:20,0
DA:21,0
DA:22,0
DA:26,0
DA:29,0
DA:30,0
DA:31,0
DA:32,0
DA:33,0
DA:34,0
DA:35,0
DA:38,0
DA:39,0
DA:41,0
DA:44,0
DA:45,0
DA:46,0
DA:53,1
DA:54,1
DA:55,1
DA:56,1
DA:58,1
DA:61,0
DA:62,0
DA:63,0
DA:64,0
DA:65,0
LF:32
LH:5
end_of_record
SF:lib/src/model/downloaded_article.g.dart
DA:13,0
DA:15,0
DA:16,0
DA:17,0
DA:19,0
DA:20,0
DA:21,0
DA:22,0
DA:23,0
DA:24,0
DA:25,0
DA:26,0
DA:27,0
DA:28,0
DA:29,0
DA:30,0
DA:31,0
DA:32,0
DA:36,0
DA:39,0
DA:40,0
DA:41,0
DA:42,0
DA:43,0
DA:44,0
DA:45,0
DA:46,0
DA:47,0
DA:48,0
DA:49,0
DA:50,0
DA:51,0
DA:52,0
DA:53,0
DA:54,0
DA:55,0
DA:56,0
DA:57,0
DA:58,0
DA:59,0
DA:60,0
DA:61,0
DA:62,0
DA:63,0
DA:64,0
DA:65,0
DA:68,0
DA:69,0
DA:71,0
DA:74,0
DA:75,0
DA:76,0
DA:83,1
DA:84,1
DA:85,1
DA:86,1
DA:87,1
DA:88,1
DA:89,1
DA:90,0
DA:91,0
DA:92,1
DA:93,0
DA:94,0
DA:95,1
DA:97,0
DA:98,1
DA:100,4
DA:101,1
DA:102,1
DA:103,1
DA:104,1
DA:107,0
DA:109,0
DA:110,0
DA:111,0
DA:112,0
DA:113,0
DA:114,0
DA:115,0
DA:116,0
DA:117,0
DA:118,0
DA:119,0
DA:120,0
DA:121,0
DA:122,0
LF:87
LH:15
end_of_record
SF:lib/src/model/downloaded_article.dart
DA:26,1
DA:27,1
LF:2
LH:2
end_of_record
SF:lib/src/model/map_search_record.dart
DA:13,3
DA:23,1
DA:24,1
DA:26,1
DA:27,3
LF:5
LH:5
end_of_record
SF:lib/src/model/map_search_record.g.dart
DA:13,0
DA:15,0
DA:16,0
DA:17,0
DA:19,0
DA:20,0
DA:21,0
DA:22,0
DA:23,0
DA:27,0
DA:30,0
DA:31,0
DA:32,0
DA:33,0
DA:34,0
DA:35,0
DA:36,0
DA:37,0
DA:38,0
DA:41,0
DA:42,0
DA:44,0
DA:47,0
DA:48,0
DA:49,0
DA:56,1
DA:57,1
DA:58,1
DA:59,1
DA:60,1
DA:61,1
DA:64,0
DA:65,0
DA:66,0
DA:67,0
DA:68,0
DA:69,0
LF:37
LH:6
end_of_record
SF:lib/src/utils/encryption.dart
DA:8,4
DA:14,4
DA:16,4
DA:17,1
DA:18,2
DA:20,4
DA:23,1
DA:25,1
LF:8
LH:8
end_of_record
SF:lib/src/errors/errors.dart
DA:1,2
DA:2,1
LF:2
LH:2
end_of_record
